<?xml version="1.0" encoding="UTF-8"?>
<!-- Generated by org.testng.reporters.JUnitReportReporter -->
<testsuite skipped="0" hostname="LAPTOP-3FPUB26T" name="com.ng.AmazonTest" tests="3" failures="0" timestamp="13 Apr 2023 14:30:56 GMT" time="16.271" errors="0">
  <testcase name="amazon" time="4.281" classname="com.ng.AmazonTest"/>
  <testcase name="amazon" time="6.890" classname="com.ng.AmazonTest"/>
  <testcase name="amazon" time="5.100" classname="com.ng.AmazonTest"/>
</testsuite> <!-- com.ng.AmazonTest -->
