<?xml version="1.0" encoding="UTF-8"?>
<!-- Generated by org.testng.reporters.JUnitReportReporter -->
<testsuite skipped="0" hostname="LAPTOP-3FPUB26T" name="com.ng.FruitsDependsTest" tests="2" failures="0" timestamp="13 Apr 2023 04:14:30 GMT" time="0.000" errors="0">
  <testcase name="banana" time="0.000" classname="com.ng.FruitsDependsTest"/>
  <testcase name="grapes" time="0.000" classname="com.ng.FruitsDependsTest"/>
</testsuite> <!-- com.ng.FruitsDependsTest -->
