<?xml version="1.0" encoding="UTF-8"?>
<!-- Generated by org.testng.reporters.JUnitReportReporter -->
<testsuite skipped="0" hostname="LAPTOP-3FPUB26T" name="com.smallandmore.FlipcartTest" tests="1" failures="0" timestamp="13 Apr 2023 21:44:26 GMT" time="4.591" errors="0">
  <testcase name="flipcart" time="4.591" classname="com.smallandmore.FlipcartTest"/>
</testsuite> <!-- com.smallandmore.FlipcartTest -->
