<?xml version="1.0" encoding="UTF-8"?>
<!-- Generated by org.testng.reporters.JUnitReportReporter -->
<testsuite skipped="0" hostname="LAPTOP-3FPUB26T" name="com.ng.FruitsTest" tests="4" failures="0" timestamp="13 Apr 2023 04:09:20 GMT" time="0.016" errors="0">
  <testcase name="grapes" time="0.016" classname="com.ng.FruitsTest"/>
  <testcase name="banana" time="0.000" classname="com.ng.FruitsTest"/>
  <testcase name="apple" time="0.000" classname="com.ng.FruitsTest"/>
  <testcase name="mango" time="0.000" classname="com.ng.FruitsTest"/>
</testsuite> <!-- com.ng.FruitsTest -->
