<?xml version="1.0" encoding="UTF-8"?>
<!-- Generated by org.testng.reporters.JUnitReportReporter -->
<testsuite skipped="0" hostname="LAPTOP-3FPUB26T" name="com.ng.ExicutionOrder" tests="1" failures="0" timestamp="12 Apr 2023 22:23:41 GMT" time="0.005" errors="0">
  <testcase name="one" time="0.005" classname="com.ng.ExicutionOrder"/>
</testsuite> <!-- com.ng.ExicutionOrder -->
