<?xml version="1.0" encoding="UTF-8"?>
<!-- Generated by org.testng.reporters.JUnitReportReporter -->
<testsuite skipped="0" hostname="LAPTOP-3FPUB26T" name="com.ng.EbayTest" tests="1" failures="0" timestamp="13 Apr 2023 14:30:56 GMT" time="2.663" errors="0">
  <testcase name="ebay" time="2.663" classname="com.ng.EbayTest"/>
</testsuite> <!-- com.ng.EbayTest -->
