<?xml version="1.0" encoding="UTF-8"?>
<!-- Generated by org.testng.reporters.JUnitReportReporter -->
<testsuite skipped="0" hostname="LAPTOP-3FPUB26T" name="com.test.DataproviserTest" tests="2" failures="0" timestamp="14 Apr 2023 01:19:08 GMT" time="12.817" errors="0">
  <testcase name="dpr" time="6.085" classname="com.test.DataproviserTest"/>
  <testcase name="dpr" time="6.732" classname="com.test.DataproviserTest"/>
</testsuite> <!-- com.test.DataproviserTest -->
