<?xml version="1.0" encoding="UTF-8"?>
<!-- Generated by org.testng.reporters.JUnitReportReporter -->
<testsuite skipped="0" hostname="LAPTOP-3FPUB26T" name="com.smallandmore.walmartTest" tests="1" failures="0" timestamp="13 Apr 2023 21:39:16 GMT" time="5.467" errors="0">
  <testcase name="walmart" time="5.467" classname="com.smallandmore.walmartTest"/>
</testsuite> <!-- com.smallandmore.walmartTest -->
