<?xml version="1.0" encoding="UTF-8"?>
<!-- Generated by org.testng.reporters.JUnitReportReporter -->
<testsuite skipped="0" hostname="LAPTOP-3FPUB26T" name="com.pkg.Facebook" tests="1" failures="0" timestamp="19 Apr 2023 01:10:26 GMT" time="3.712" errors="0">
  <testcase name="fb" time="3.712" classname="com.pkg.Facebook"/>
</testsuite> <!-- com.pkg.Facebook -->
