<?xml version="1.0" encoding="UTF-8"?>
<!-- Generated by org.testng.reporters.JUnitReportReporter -->
<testsuite skipped="0" hostname="LAPTOP-3FPUB26T" name="com.pkg.Flipcart" tests="1" failures="0" timestamp="17 Apr 2023 04:16:24 GMT" time="7.415" errors="0">
  <testcase name="flipcart" time="7.415" classname="com.pkg.Flipcart"/>
</testsuite> <!-- com.pkg.Flipcart -->
