<?xml version="1.0" encoding="UTF-8"?>
<!-- Generated by org.testng.reporters.JUnitReportReporter -->
<testsuite skipped="0" hostname="LAPTOP-3FPUB26T" name="com.grp.FlipcartTest" tests="1" failures="0" timestamp="13 Apr 2023 14:31:34 GMT" time="4.611" errors="0">
  <testcase name="flipcart" time="4.611" classname="com.grp.FlipcartTest"/>
</testsuite> <!-- com.grp.FlipcartTest -->
