<?xml version="1.0" encoding="UTF-8"?>
<!-- Generated by org.testng.reporters.JUnitReportReporter -->
<testsuite skipped="0" hostname="LAPTOP-3FPUB26T" name="com.ng.walmartTest" tests="1" failures="0" timestamp="13 Apr 2023 14:30:56 GMT" time="5.337" errors="0">
  <testcase name="walmart" time="5.337" classname="com.ng.walmartTest"/>
</testsuite> <!-- com.ng.walmartTest -->
