<?xml version="1.0" encoding="UTF-8"?>
<!-- Generated by org.testng.reporters.JUnitReportReporter -->
<testsuite skipped="0" hostname="LAPTOP-3FPUB26T" name="com.smallandmore.OrangeHrmTest" tests="1" failures="0" timestamp="13 Apr 2023 21:39:16 GMT" time="4.522" errors="0">
  <testcase name="orangehrm" time="4.522" classname="com.smallandmore.OrangeHrmTest"/>
</testsuite> <!-- com.smallandmore.OrangeHrmTest -->
