<?xml version="1.0" encoding="UTF-8"?>
<!-- Generated by org.testng.reporters.JUnitReportReporter -->
<testsuite skipped="0" hostname="LAPTOP-3FPUB26T" name="com.grp.FacebookTest" tests="1" failures="0" timestamp="13 Apr 2023 14:28:50 GMT" time="4.609" errors="0">
  <testcase name="facebook" time="4.609" classname="com.grp.FacebookTest"/>
</testsuite> <!-- com.grp.FacebookTest -->
