<?xml version="1.0" encoding="UTF-8"?>
<!-- Generated by org.testng.reporters.JUnitReportReporter -->
<testsuite skipped="0" hostname="LAPTOP-3FPUB26T" name="com.smallandmore.FacebookTest" tests="1" failures="0" timestamp="13 Apr 2023 21:44:26 GMT" time="2.289" errors="0">
  <testcase name="facebook" time="2.289" classname="com.smallandmore.FacebookTest"/>
</testsuite> <!-- com.smallandmore.FacebookTest -->
