<?xml version="1.0" encoding="UTF-8"?>
<!-- Generated by org.testng.reporters.JUnitReportReporter -->
<testsuite skipped="0" hostname="LAPTOP-3FPUB26T" name="com.ng.FacebookTest" tests="1" failures="0" timestamp="13 Apr 2023 14:30:56 GMT" time="6.293" errors="0">
  <testcase name="facebook" time="6.293" classname="com.ng.FacebookTest"/>
</testsuite> <!-- com.ng.FacebookTest -->
