<?xml version="1.0" encoding="UTF-8"?>
<!-- Generated by org.testng.reporters.JUnitReportReporter -->
<testsuite skipped="0" hostname="LAPTOP-3FPUB26T" name="com.test.OrangeParameter" tests="1" failures="0" timestamp="14 Apr 2023 01:04:46 GMT" time="7.723" errors="0">
  <testcase name="orange" time="7.723" classname="com.test.OrangeParameter"/>
</testsuite> <!-- com.test.OrangeParameter -->
