<?xml version="1.0" encoding="UTF-8"?>
<!-- Generated by org.testng.reporters.JUnitReportReporter -->
<testsuite skipped="0" hostname="LAPTOP-3FPUB26T" name="com.ng.IhgTest" tests="1" failures="0" timestamp="13 Apr 2023 14:30:56 GMT" time="4.826" errors="0">
  <testcase name="ihg" time="4.826" classname="com.ng.IhgTest"/>
</testsuite> <!-- com.ng.IhgTest -->
