<?xml version="1.0" encoding="UTF-8"?>
<!-- Generated by org.testng.reporters.JUnitReportReporter -->
<testsuite skipped="0" hostname="LAPTOP-3FPUB26T" name="com.grp.AmazonTest" tests="1" failures="0" timestamp="13 Apr 2023 14:28:50 GMT" time="4.149" errors="0">
  <testcase name="amazon" time="4.149" classname="com.grp.AmazonTest"/>
</testsuite> <!-- com.grp.AmazonTest -->
