<?xml version="1.0" encoding="UTF-8"?>
<!-- Generated by org.testng.reporters.JUnitReportReporter -->
<testsuite skipped="0" hostname="LAPTOP-3FPUB26T" name="com.grp.OrangeHrmTest" tests="1" failures="0" timestamp="22 Apr 2023 00:53:18 GMT" time="4.656" errors="0">
  <testcase name="orangehrm" time="4.656" classname="com.grp.OrangeHrmTest"/>
</testsuite> <!-- com.grp.OrangeHrmTest -->
